<?xml version="1.0" encoding="UTF-8"?>
<testng-results ignored="0" total="1" passed="1" failed="0" skipped="0">
  <reporter-output>
  </reporter-output>
  <suite started-at="2019-06-10T05:46:44Z" name="Default suite" finished-at="2019-06-10T05:46:54Z" duration-ms="9936">
    <groups>
    </groups>
    <test started-at="2019-06-10T05:46:44Z" name="Default test" finished-at="2019-06-10T05:46:54Z" duration-ms="9936">
      <class name="com.facebook.model.tests.HomePageTest">
        <test-method is-config="true" signature="startUpTest()[pri:0, instance:com.facebook.model.tests.HomePageTest@3098cf3b]" started-at="2019-06-10T05:46:45Z" name="startUpTest" finished-at="2019-06-10T05:46:52Z" duration-ms="7349" status="PASS">
          <reporter-output>
          </reporter-output>
        </test-method> <!-- startUpTest -->
        <test-method signature="verifySignUpOfFacebookAccount(java.lang.String, java.lang.String, java.lang.String, java.lang.String, java.lang.String, java.lang.String, java.lang.String, java.lang.String)[pri:0, instance:com.facebook.model.tests.HomePageTest@3098cf3b]" started-at="2019-06-10T05:46:52Z" name="verifySignUpOfFacebookAccount" data-provider="getData" finished-at="2019-06-10T05:46:54Z" duration-ms="1780" status="PASS">
          <params>
            <param index="0">
              <value>
                <![CDATA[Ava]]>
              </value>
            </param>
            <param index="1">
              <value>
                <![CDATA[Fischer]]>
              </value>
            </param>
            <param index="2">
              <value>
                <![CDATA[ava.fischer@gmail.com]]>
              </value>
            </param>
            <param index="3">
              <value>
                <![CDATA[MtKNp0zM]]>
              </value>
            </param>
            <param index="4">
              <value>
                <![CDATA[3]]>
              </value>
            </param>
            <param index="5">
              <value>
                <![CDATA[6]]>
              </value>
            </param>
            <param index="6">
              <value>
                <![CDATA[1922]]>
              </value>
            </param>
            <param index="7">
              <value>
                <![CDATA[FEMALE]]>
              </value>
            </param>
          </params>
          <reporter-output>
          </reporter-output>
        </test-method> <!-- verifySignUpOfFacebookAccount -->
        <test-method is-config="true" signature="shutDownTest()[pri:0, instance:com.facebook.model.tests.HomePageTest@3098cf3b]" started-at="2019-06-10T05:46:54Z" name="shutDownTest" finished-at="2019-06-10T05:46:54Z" duration-ms="0" status="PASS">
          <reporter-output>
          </reporter-output>
        </test-method> <!-- shutDownTest -->
      </class> <!-- com.facebook.model.tests.HomePageTest -->
    </test> <!-- Default test -->
  </suite> <!-- Default suite -->
</testng-results>
